This file contains any messages produced by compilers while
running configure, to aid debugging if configure makes a mistake.

It was created by copy_string_malloc configure 0.1, which was
generated by GNU Autoconf 2.69.  Invocation command line was

  $ /home/tongyan/Linux_learn/c/copy_string_malloc/configure --enable-maintainer-mode CFLAGS=-g -O0 CXXFLAGS=-g -O0 JFLAGS=-g -O0 FFLAGS=-g -O0

## --------- ##
## Platform. ##
## --------- ##

hostname = tongyan
uname -m = x86_64
uname -r = 5.15.0-124-generic
uname -s = Linux
uname -v = #134~20.04.1-Ubuntu SMP Tue Oct 1 15:27:33 UTC 2024

/usr/bin/uname -p = x86_64
/bin/uname -X     = unknown

/bin/arch              = x86_64
/usr/bin/arch -k       = unknown
/usr/convex/getsysinfo = unknown
/usr/bin/hostinfo      = unknown
/bin/machine           = unknown
/usr/bin/oslevel       = unknown
/bin/universe          = unknown

PATH: /home/tongyan/bin
PATH: /usr/local/sbin
PATH: /usr/local/bin
PATH: /usr/sbin
PATH: /usr/bin
PATH: /sbin
PATH: /bin
PATH: /usr/games
PATH: /usr/local/games
PATH: /snap/bin


## ----------- ##
## Core tests. ##
## ----------- ##

configure:2314: checking for a BSD-compatible install
configure:2382: result: /usr/bin/install -c
configure:2393: checking whether build environment is sane
configure:2448: result: yes
configure:2597: checking for a thread-safe mkdir -p
configure:2636: result: /usr/bin/mkdir -p
configure:2643: checking for gawk
configure:2673: result: no
configure:2643: checking for mawk
configure:2659: found /usr/bin/mawk
configure:2670: result: mawk
configure:2681: checking whether make sets $(MAKE)
configure:2703: result: yes
configure:2732: checking whether make supports nested variables
configure:2749: result: yes
configure:2887: checking whether make supports nested variables
configure:2904: result: yes
configure:2964: checking for gcc
configure:2980: found /usr/bin/gcc
configure:2991: result: gcc
configure:3220: checking for C compiler version
configure:3229: gcc --version >&5
gcc (Ubuntu 9.4.0-1ubuntu1~20.04.2) 9.4.0
Copyright (C) 2019 Free Software Foundation, Inc.
This is free software; see the source for copying conditions.  There is NO
warranty; not even for MERCHANTABILITY or FITNESS FOR A PARTICULAR PURPOSE.

configure:3240: $? = 0
configure:3229: gcc -v >&5
Using built-in specs.
COLLECT_GCC=gcc
COLLECT_LTO_WRAPPER=/usr/lib/gcc/x86_64-linux-gnu/9/lto-wrapper
OFFLOAD_TARGET_NAMES=nvptx-none:hsa
OFFLOAD_TARGET_DEFAULT=1
Target: x86_64-linux-gnu
Configured with: ../src/configure -v --with-pkgversion='Ubuntu 9.4.0-1ubuntu1~20.04.2' --with-bugurl=file:///usr/share/doc/gcc-9/README.Bugs --enable-languages=c,ada,c++,go,brig,d,fortran,objc,obj-c++,gm2 --prefix=/usr --with-gcc-major-version-only --program-suffix=-9 --program-prefix=x86_64-linux-gnu- --enable-shared --enable-linker-build-id --libexecdir=/usr/lib --without-included-gettext --enable-threads=posix --libdir=/usr/lib --enable-nls --enable-clocale=gnu --enable-libstdcxx-debug --enable-libstdcxx-time=yes --with-default-libstdcxx-abi=new --enable-gnu-unique-object --disable-vtable-verify --enable-plugin --enable-default-pie --with-system-zlib --with-target-system-zlib=auto --enable-objc-gc=auto --enable-multiarch --disable-werror --with-arch-32=i686 --with-abi=m64 --with-multilib-list=m32,m64,mx32 --enable-multilib --with-tune=generic --enable-offload-targets=nvptx-none=/build/gcc-9-9QDOt0/gcc-9-9.4.0/debian/tmp-nvptx/usr,hsa --without-cuda-driver --enable-checking=release --build=x86_64-linux-gnu --host=x86_64-linux-gnu --target=x86_64-linux-gnu
Thread model: posix
gcc version 9.4.0 (Ubuntu 9.4.0-1ubuntu1~20.04.2) 
configure:3240: $? = 0
configure:3229: gcc -V >&5
gcc: error: unrecognized command line option '-V'
gcc: fatal error: no input files
compilation terminated.
configure:3240: $? = 1
configure:3229: gcc -qversion >&5
gcc: error: unrecognized command line option '-qversion'; did you mean '--version'?
gcc: fatal error: no input files
compilation terminated.
configure:3240: $? = 1
configure:3260: checking whether the C compiler works
configure:3282: gcc -g -O0   conftest.c  >&5
configure:3286: $? = 0
configure:3334: result: yes
configure:3337: checking for C compiler default output file name
configure:3339: result: a.out
configure:3345: checking for suffix of executables
configure:3352: gcc -o conftest -g -O0   conftest.c  >&5
configure:3356: $? = 0
configure:3378: result: 
configure:3400: checking whether we are cross compiling
configure:3408: gcc -o conftest -g -O0   conftest.c  >&5
configure:3412: $? = 0
configure:3419: ./conftest
configure:3423: $? = 0
configure:3411: result: no
configure:3416: checking for suffix of object files
configure:3438: gcc -c -g -O0  conftest.c >&5
configure:3442: $? = 0
configure:3463: result: o
configure:3467: checking whether we are using the GNU C compiler
configure:3486: gcc -c -g -O0  conftest.c >&5
configure:3486: $? = 0
configure:3495: result: yes
configure:3504: checking whether gcc accepts -g
configure:3524: gcc -c -g  conftest.c >&5
configure:3524: $? = 0
configure:3565: result: yes
configure:3582: checking for gcc option to accept ISO C89
configure:3645: gcc  -c -g -O0  conftest.c >&5
configure:3645: $? = 0
configure:3658: result: none needed
configure:3683: checking whether gcc understands -c and -o together
configure:3705: gcc -c conftest.c -o conftest2.o
configure:3708: $? = 0
configure:3705: gcc -c conftest.c -o conftest2.o
configure:3708: $? = 0
configure:3720: result: yes
configure:3740: checking whether make supports the include directive
configure:3755: make -f confmf.GNU && cat confinc.out
this is the am__doit target
configure:3758: $? = 0
configure:3777: result: yes (GNU style)
configure:3802: checking dependency style of gcc
configure:3913: result: gcc3
configure:3933: checking whether NLS is requested
configure:3942: result: yes
configure:3960: checking for intltool >= 0.35.0
configure:3962: result: 0.51.0 found
configure:3970: checking for intltool-update
configure:3988: found /usr/bin/intltool-update
configure:4000: result: /usr/bin/intltool-update
configure:4010: checking for intltool-merge
configure:4028: found /usr/bin/intltool-merge
configure:4040: result: /usr/bin/intltool-merge
configure:4050: checking for intltool-extract
configure:4068: found /usr/bin/intltool-extract
configure:4080: result: /usr/bin/intltool-extract
configure:4234: checking for xgettext
configure:4252: found /usr/bin/xgettext
configure:4264: result: /usr/bin/xgettext
configure:4274: checking for msgmerge
configure:4292: found /usr/bin/msgmerge
configure:4304: result: /usr/bin/msgmerge
configure:4314: checking for msgfmt
configure:4332: found /usr/bin/msgfmt
configure:4344: result: /usr/bin/msgfmt
configure:4354: checking for gmsgfmt
configure:4385: result: /usr/bin/msgfmt
configure:4405: checking for perl
configure:4423: found /usr/bin/perl
configure:4435: result: /usr/bin/perl
configure:4446: checking for perl >= 5.8.1
configure:4453: result: 5.30.0
configure:4457: checking for XML::Parser
configure:4460: result: ok
configure:4488: checking how to run the C preprocessor
configure:4519: gcc -E  conftest.c
configure:4519: $? = 0
configure:4533: gcc -E  conftest.c
conftest.c:12:10: fatal error: ac_nonexistent.h: No such file or directory
   12 | #include <ac_nonexistent.h>
      |          ^~~~~~~~~~~~~~~~~~
compilation terminated.
configure:4533: $? = 1
configure: failed program was:
| /* confdefs.h */
| #define PACKAGE_NAME "copy_string_malloc"
| #define PACKAGE_TARNAME "copy_string_malloc"
| #define PACKAGE_VERSION "0.1"
| #define PACKAGE_STRING "copy_string_malloc 0.1"
| #define PACKAGE_BUGREPORT ""
| #define PACKAGE_URL ""
| #define PACKAGE "copy_string_malloc"
| #define VERSION "0.1"
| #define GETTEXT_PACKAGE "copy_string_malloc"
| /* end confdefs.h.  */
| #include <ac_nonexistent.h>
configure:4558: result: gcc -E
configure:4578: gcc -E  conftest.c
configure:4578: $? = 0
configure:4592: gcc -E  conftest.c
conftest.c:12:10: fatal error: ac_nonexistent.h: No such file or directory
   12 | #include <ac_nonexistent.h>
      |          ^~~~~~~~~~~~~~~~~~
compilation terminated.
configure:4592: $? = 1
configure: failed program was:
| /* confdefs.h */
| #define PACKAGE_NAME "copy_string_malloc"
| #define PACKAGE_TARNAME "copy_string_malloc"
| #define PACKAGE_VERSION "0.1"
| #define PACKAGE_STRING "copy_string_malloc 0.1"
| #define PACKAGE_BUGREPORT ""
| #define PACKAGE_URL ""
| #define PACKAGE "copy_string_malloc"
| #define VERSION "0.1"
| #define GETTEXT_PACKAGE "copy_string_malloc"
| /* end confdefs.h.  */
| #include <ac_nonexistent.h>
configure:4621: checking for grep that handles long lines and -e
configure:4679: result: /usr/bin/grep
configure:4684: checking for egrep
configure:4746: result: /usr/bin/grep -E
configure:4751: checking for ANSI C header files
configure:4771: gcc -c -g -O0  conftest.c >&5
configure:4771: $? = 0
configure:4844: gcc -o conftest -g -O0   conftest.c  >&5
configure:4844: $? = 0
configure:4844: ./conftest
configure:4844: $? = 0
configure:4855: result: yes
configure:4868: checking for sys/types.h
configure:4868: gcc -c -g -O0  conftest.c >&5
configure:4868: $? = 0
configure:4868: result: yes
configure:4868: checking for sys/stat.h
configure:4868: gcc -c -g -O0  conftest.c >&5
configure:4868: $? = 0
configure:4868: result: yes
configure:4868: checking for stdlib.h
configure:4868: gcc -c -g -O0  conftest.c >&5
configure:4868: $? = 0
configure:4868: result: yes
configure:4868: checking for string.h
configure:4868: gcc -c -g -O0  conftest.c >&5
configure:4868: $? = 0
configure:4868: result: yes
configure:4868: checking for memory.h
configure:4868: gcc -c -g -O0  conftest.c >&5
configure:4868: $? = 0
configure:4868: result: yes
configure:4868: checking for strings.h
configure:4868: gcc -c -g -O0  conftest.c >&5
configure:4868: $? = 0
configure:4868: result: yes
configure:4868: checking for inttypes.h
configure:4868: gcc -c -g -O0  conftest.c >&5
configure:4868: $? = 0
configure:4868: result: yes
configure:4868: checking for stdint.h
configure:4868: gcc -c -g -O0  conftest.c >&5
configure:4868: $? = 0
configure:4868: result: yes
configure:4868: checking for unistd.h
configure:4868: gcc -c -g -O0  conftest.c >&5
configure:4868: $? = 0
configure:4868: result: yes
configure:4883: checking locale.h usability
configure:4883: gcc -c -g -O0  conftest.c >&5
configure:4883: $? = 0
configure:4883: result: yes
configure:4883: checking locale.h presence
configure:4883: gcc -E  conftest.c
configure:4883: $? = 0
configure:4883: result: yes
configure:4883: checking for locale.h
configure:4883: result: yes
configure:4894: checking for LC_MESSAGES
configure:4910: gcc -o conftest -g -O0   conftest.c  >&5
configure:4910: $? = 0
configure:4918: result: yes
configure:4936: checking for CFPreferencesCopyAppValue
configure:4954: gcc -o conftest -g -O0   conftest.c  -Wl,-framework -Wl,CoreFoundation >&5
conftest.c:24:10: fatal error: CoreFoundation/CFPreferences.h: No such file or directory
   24 | #include <CoreFoundation/CFPreferences.h>
      |          ^~~~~~~~~~~~~~~~~~~~~~~~~~~~~~~~
compilation terminated.
configure:4954: $? = 1
configure: failed program was:
| /* confdefs.h */
| #define PACKAGE_NAME "copy_string_malloc"
| #define PACKAGE_TARNAME "copy_string_malloc"
| #define PACKAGE_VERSION "0.1"
| #define PACKAGE_STRING "copy_string_malloc 0.1"
| #define PACKAGE_BUGREPORT ""
| #define PACKAGE_URL ""
| #define PACKAGE "copy_string_malloc"
| #define VERSION "0.1"
| #define GETTEXT_PACKAGE "copy_string_malloc"
| #define STDC_HEADERS 1
| #define HAVE_SYS_TYPES_H 1
| #define HAVE_SYS_STAT_H 1
| #define HAVE_STDLIB_H 1
| #define HAVE_STRING_H 1
| #define HAVE_MEMORY_H 1
| #define HAVE_STRINGS_H 1
| #define HAVE_INTTYPES_H 1
| #define HAVE_STDINT_H 1
| #define HAVE_UNISTD_H 1
| #define HAVE_LOCALE_H 1
| #define HAVE_LC_MESSAGES 1
| /* end confdefs.h.  */
| #include <CoreFoundation/CFPreferences.h>
| int
| main ()
| {
| CFPreferencesCopyAppValue(NULL, NULL)
|   ;
|   return 0;
| }
configure:4963: result: no
configure:4970: checking for CFLocaleCopyCurrent
configure:4988: gcc -o conftest -g -O0   conftest.c  -Wl,-framework -Wl,CoreFoundation >&5
conftest.c:24:10: fatal error: CoreFoundation/CFLocale.h: No such file or directory
   24 | #include <CoreFoundation/CFLocale.h>
      |          ^~~~~~~~~~~~~~~~~~~~~~~~~~~
compilation terminated.
configure:4988: $? = 1
configure: failed program was:
| /* confdefs.h */
| #define PACKAGE_NAME "copy_string_malloc"
| #define PACKAGE_TARNAME "copy_string_malloc"
| #define PACKAGE_VERSION "0.1"
| #define PACKAGE_STRING "copy_string_malloc 0.1"
| #define PACKAGE_BUGREPORT ""
| #define PACKAGE_URL ""
| #define PACKAGE "copy_string_malloc"
| #define VERSION "0.1"
| #define GETTEXT_PACKAGE "copy_string_malloc"
| #define STDC_HEADERS 1
| #define HAVE_SYS_TYPES_H 1
| #define HAVE_SYS_STAT_H 1
| #define HAVE_STDLIB_H 1
| #define HAVE_STRING_H 1
| #define HAVE_MEMORY_H 1
| #define HAVE_STRINGS_H 1
| #define HAVE_INTTYPES_H 1
| #define HAVE_STDINT_H 1
| #define HAVE_UNISTD_H 1
| #define HAVE_LOCALE_H 1
| #define HAVE_LC_MESSAGES 1
| /* end confdefs.h.  */
| #include <CoreFoundation/CFLocale.h>
| int
| main ()
| {
| CFLocaleCopyCurrent();
|   ;
|   return 0;
| }
configure:4997: result: no
configure:5011: checking libintl.h usability
configure:5011: gcc -c -g -O0  conftest.c >&5
configure:5011: $? = 0
configure:5011: result: yes
configure:5011: checking libintl.h presence
configure:5011: gcc -E  conftest.c
configure:5011: $? = 0
configure:5011: result: yes
configure:5011: checking for libintl.h
configure:5011: result: yes
configure:5019: checking for ngettext in libc
configure:5037: gcc -o conftest -g -O0   conftest.c  >&5
configure:5037: $? = 0
configure:5046: result: yes
configure:5050: checking for dgettext in libc
configure:5068: gcc -o conftest -g -O0   conftest.c  >&5
configure:5068: $? = 0
configure:5077: result: yes
configure:5084: checking for bind_textdomain_codeset
configure:5084: gcc -o conftest -g -O0   conftest.c  >&5
configure:5084: $? = 0
configure:5084: result: yes
configure:5360: checking for msgfmt
configure:5387: result: /usr/bin/msgfmt
configure:5398: checking for dcgettext
configure:5398: gcc -o conftest -g -O0   conftest.c   >&5
conftest.c:49:6: warning: conflicting types for built-in function 'dcgettext'; expected 'char *(const char *, const char *, int)' [-Wbuiltin-declaration-mismatch]
   49 | char dcgettext ();
      |      ^~~~~~~~~
configure:5398: $? = 0
configure:5398: result: yes
configure:5408: checking if msgfmt accepts -c
configure:5423: $MSGFMT -c -o /dev/null conftest.foo
conftest.foo:3: warning: header field 'Language' missing in header
configure:5426: $? = 0
configure:5428: result: yes
configure:5438: checking for gmsgfmt
configure:5469: result: /usr/bin/msgfmt
configure:5479: checking for xgettext
configure:5506: result: /usr/bin/xgettext
configure:5525: gcc -o conftest -g -O0   conftest.c   >&5
configure:5525: $? = 0
configure:5698: checking build system type
configure:5712: result: x86_64-pc-linux-gnu
configure:5732: checking host system type
configure:5745: result: x86_64-pc-linux-gnu
configure:5786: checking how to print strings
configure:5813: result: printf
configure:5834: checking for a sed that does not truncate output
configure:5898: result: /usr/bin/sed
configure:5916: checking for fgrep
configure:5978: result: /usr/bin/grep -F
configure:6013: checking for ld used by gcc
configure:6080: result: /usr/bin/ld
configure:6087: checking if the linker (/usr/bin/ld) is GNU ld
configure:6102: result: yes
configure:6114: checking for BSD- or MS-compatible name lister (nm)
configure:6168: result: /usr/bin/nm -B
configure:6298: checking the name lister (/usr/bin/nm -B) interface
configure:6305: gcc -c -g -O0  conftest.c >&5
configure:6308: /usr/bin/nm -B "conftest.o"
configure:6311: output
0000000000000000 B some_variable
configure:6312: result: BSD nm
configure:6315: checking whether ln -s works
configure:6319: result: yes
configure:6327: checking the maximum length of command line arguments
configure:6458: result: 1572864
configure:6506: checking how to convert x86_64-pc-linux-gnu file names to x86_64-pc-linux-gnu format
configure:6546: result: func_convert_file_noop
configure:6553: checking how to convert x86_64-pc-linux-gnu file names to toolchain format
configure:6573: result: func_convert_file_noop
configure:6580: checking for /usr/bin/ld option to reload object files
configure:6587: result: -r
configure:6661: checking for objdump
configure:6677: found /usr/bin/objdump
configure:6688: result: objdump
configure:6720: checking how to recognize dependent libraries
configure:6920: result: pass_all
configure:7005: checking for dlltool
configure:7035: result: no
configure:7065: checking how to associate runtime and link libraries
configure:7092: result: printf %s\n
configure:7152: checking for ar
configure:7168: found /usr/bin/ar
configure:7179: result: ar
configure:7216: checking for archiver @FILE support
configure:7233: gcc -c -g -O0  conftest.c >&5
configure:7233: $? = 0
configure:7236: ar cr libconftest.a @conftest.lst >&5
configure:7239: $? = 0
configure:7244: ar cr libconftest.a @conftest.lst >&5
ar: conftest.o: No such file or directory
configure:7247: $? = 1
configure:7246: result: @
configure:7304: checking for strip
configure:7320: found /usr/bin/strip
configure:7331: result: strip
configure:7403: checking for ranlib
configure:7419: found /usr/bin/ranlib
configure:7430: result: ranlib
configure:7532: checking command to parse /usr/bin/nm -B output from gcc object
configure:7685: gcc -c -g -O0  conftest.c >&5
configure:7688: $? = 0
configure:7692: /usr/bin/nm -B conftest.o | sed -n -e 's/^.*[	 ]\([ABCDGIRSTW][ABCDGIRSTW]*\)[	 ][	 ]*\([_A-Za-z][_A-Za-z0-9]*\)$/\1 \2 \2/p' | sed '/ __gnu_lto/d' > conftest.nm
configure:7758: gcc -o conftest -g -O0   conftest.c conftstm.o >&5
configure:7761: $? = 0
configure:7799: result: ok
configure:7846: checking for sysroot
configure:7876: result: no
configure:7883: checking for a working dd
configure:7921: result: /usr/bin/dd
configure:7925: checking how to truncate binary pipes
configure:7940: result: /usr/bin/dd bs=4096 count=1
configure:8076: gcc -c -g -O0  conftest.c >&5
configure:8079: $? = 0
configure:8269: checking for mt
configure:8285: found /usr/bin/mt
configure:8296: result: mt
configure:8319: checking if mt is a manifest tool
configure:8325: mt '-?'
configure:8333: result: no
configure:9007: checking for dlfcn.h
configure:9007: gcc -c -g -O0  conftest.c >&5
configure:9007: $? = 0
configure:9007: result: yes
configure:9263: checking for objdir
configure:9278: result: .libs
configure:9538: checking if gcc supports -fno-rtti -fno-exceptions
configure:9556: gcc -c -g -O0  -fno-rtti -fno-exceptions conftest.c >&5
cc1: warning: command line option '-fno-rtti' is valid for C++/D/ObjC++ but not for C
configure:9560: $? = 0
configure:9573: result: no
configure:9937: checking for gcc option to produce PIC
configure:9944: result: -fPIC -DPIC
configure:9952: checking if gcc PIC flag -fPIC -DPIC works
configure:9970: gcc -c -g -O0  -fPIC -DPIC -DPIC conftest.c >&5
configure:9974: $? = 0
configure:9987: result: yes
configure:10016: checking if gcc static flag -static works
configure:10044: result: yes
configure:10059: checking if gcc supports -c -o file.o
configure:10080: gcc -c -g -O0  -o out/conftest2.o conftest.c >&5
configure:10084: $? = 0
configure:10106: result: yes
configure:10114: checking if gcc supports -c -o file.o
configure:10161: result: yes
configure:10194: checking whether the gcc linker (/usr/bin/ld -m elf_x86_64) supports shared libraries
configure:11457: result: yes
configure:11494: checking whether -lc should be explicitly linked in
configure:11502: gcc -c -g -O0  conftest.c >&5
configure:11505: $? = 0
configure:11520: gcc -shared  -fPIC -DPIC conftest.o  -v -Wl,-soname -Wl,conftest -o conftest 2\>\&1 \| /usr/bin/grep  -lc  \>/dev/null 2\>\&1
configure:11523: $? = 0
configure:11537: result: no
configure:11697: checking dynamic linker characteristics
configure:12278: gcc -o conftest -g -O0   -Wl,-rpath -Wl,/foo conftest.c  >&5
configure:12278: $? = 0
configure:12527: result: GNU/Linux ld.so
configure:12649: checking how to hardcode library paths into programs
configure:12674: result: immediate
configure:13222: checking whether stripping libraries is possible
configure:13227: result: yes
configure:13262: checking if libtool supports shared libraries
configure:13264: result: yes
configure:13267: checking whether to build shared libraries
configure:13292: result: yes
configure:13295: checking whether to build static libraries
configure:13299: result: yes
configure:10220: checking that generated files are newer than configure
configure:10226: result: done
configure:10253: creating ./config.status

## ---------------------- ##
## Running config.status. ##
## ---------------------- ##

This file was extended by copy_string_malloc config.status 0.1, which was
generated by GNU Autoconf 2.69.  Invocation command line was

  CONFIG_FILES    = 
  CONFIG_HEADERS  = 
  CONFIG_LINKS    = 
  CONFIG_COMMANDS = 
  $ ./config.status 

on tongyan

config.status:1160: creating Makefile
config.status:1160: creating src/Makefile
config.status:1160: creating po/Makefile.in
config.status:1160: creating config.h
config.status:1374: executing depfiles commands
config.status:1451: cd src       && sed -e '/# am--include-marker/d' Makefile         | make -f - am--depfiles
config.status:1456: $? = 0
config.status:1374: executing default-1 commands
config.status:1374: executing libtool commands
config.status:1374: executing po/stamp-it commands
configure:12420: WARNING: unrecognized options: --enable-maintainer-mode

## ---------------- ##
## Cache variables. ##
## ---------------- ##

ac_cv_build=x86_64-pc-linux-gnu
ac_cv_c_compiler_gnu=yes
ac_cv_env_CC_set=
ac_cv_env_CC_value=
ac_cv_env_CFLAGS_set=set
ac_cv_env_CFLAGS_value='-g -O0'
ac_cv_env_CPPFLAGS_set=
ac_cv_env_CPPFLAGS_value=
ac_cv_env_CPP_set=
ac_cv_env_CPP_value=
ac_cv_env_LDFLAGS_set=
ac_cv_env_LDFLAGS_value=
ac_cv_env_LIBS_set=
ac_cv_env_LIBS_value=
ac_cv_env_LT_SYS_LIBRARY_PATH_set=
ac_cv_env_LT_SYS_LIBRARY_PATH_value=
ac_cv_env_build_alias_set=
ac_cv_env_build_alias_value=
ac_cv_env_host_alias_set=
ac_cv_env_host_alias_value=
ac_cv_env_target_alias_set=
ac_cv_env_target_alias_value=
ac_cv_func_bind_textdomain_codeset=yes
ac_cv_func_dcgettext=yes
ac_cv_header_dlfcn_h=yes
ac_cv_header_inttypes_h=yes
ac_cv_header_libintl_h=yes
ac_cv_header_locale_h=yes
ac_cv_header_memory_h=yes
ac_cv_header_stdc=yes
ac_cv_header_stdint_h=yes
ac_cv_header_stdlib_h=yes
ac_cv_header_string_h=yes
ac_cv_header_strings_h=yes
ac_cv_header_sys_stat_h=yes
ac_cv_header_sys_types_h=yes
ac_cv_header_unistd_h=yes
ac_cv_host=x86_64-pc-linux-gnu
ac_cv_objext=o
ac_cv_path_EGREP='/usr/bin/grep -E'
ac_cv_path_FGREP='/usr/bin/grep -F'
ac_cv_path_GMSGFMT=/usr/bin/msgfmt
ac_cv_path_GREP=/usr/bin/grep
ac_cv_path_INTLTOOL_EXTRACT=/usr/bin/intltool-extract
ac_cv_path_INTLTOOL_MERGE=/usr/bin/intltool-merge
ac_cv_path_INTLTOOL_PERL=/usr/bin/perl
ac_cv_path_INTLTOOL_UPDATE=/usr/bin/intltool-update
ac_cv_path_MSGFMT=/usr/bin/msgfmt
ac_cv_path_MSGMERGE=/usr/bin/msgmerge
ac_cv_path_SED=/usr/bin/sed
ac_cv_path_XGETTEXT=/usr/bin/xgettext
ac_cv_path_install='/usr/bin/install -c'
ac_cv_path_lt_DD=/usr/bin/dd
ac_cv_path_mkdir=/usr/bin/mkdir
ac_cv_prog_AWK=mawk
ac_cv_prog_CPP='gcc -E'
ac_cv_prog_ac_ct_AR=ar
ac_cv_prog_ac_ct_CC=gcc
ac_cv_prog_ac_ct_MANIFEST_TOOL=mt
ac_cv_prog_ac_ct_OBJDUMP=objdump
ac_cv_prog_ac_ct_RANLIB=ranlib
ac_cv_prog_ac_ct_STRIP=strip
ac_cv_prog_cc_c89=
ac_cv_prog_cc_g=yes
ac_cv_prog_make_make_set=yes
am_cv_CC_dependencies_compiler_type=gcc3
am_cv_make_support_nested_variables=yes
am_cv_prog_cc_c_o=yes
am_cv_val_LC_MESSAGES=yes
gt_cv_func_CFLocaleCopyCurrent=no
gt_cv_func_CFPreferencesCopyAppValue=no
gt_cv_func_dgettext_libc=yes
gt_cv_func_dgettext_libintl=no
gt_cv_func_ngettext_libc=yes
gt_cv_have_gettext=yes
lt_cv_ar_at_file=@
lt_cv_archive_cmds_need_lc=no
lt_cv_deplibs_check_method=pass_all
lt_cv_file_magic_cmd='$MAGIC_CMD'
lt_cv_file_magic_test_file=
lt_cv_ld_reload_flag=-r
lt_cv_nm_interface='BSD nm'
lt_cv_objdir=.libs
lt_cv_path_LD=/usr/bin/ld
lt_cv_path_NM='/usr/bin/nm -B'
lt_cv_path_mainfest_tool=no
lt_cv_prog_compiler_c_o=yes
lt_cv_prog_compiler_pic='-fPIC -DPIC'
lt_cv_prog_compiler_pic_works=yes
lt_cv_prog_compiler_rtti_exceptions=no
lt_cv_prog_compiler_static_works=yes
lt_cv_prog_gnu_ld=yes
lt_cv_sharedlib_from_linklib_cmd='printf %s\n'
lt_cv_shlibpath_overrides_runpath=yes
lt_cv_sys_global_symbol_pipe='sed -n -e '\''s/^.*[	 ]\([ABCDGIRSTW][ABCDGIRSTW]*\)[	 ][	 ]*\([_A-Za-z][_A-Za-z0-9]*\)$/\1 \2 \2/p'\'' | sed '\''/ __gnu_lto/d'\'''
lt_cv_sys_global_symbol_to_c_name_address='sed -n -e '\''s/^: \(.*\) .*$/  {"\1", (void *) 0},/p'\'' -e '\''s/^[ABCDGIRSTW][ABCDGIRSTW]* .* \(.*\)$/  {"\1", (void *) \&\1},/p'\'''
lt_cv_sys_global_symbol_to_c_name_address_lib_prefix='sed -n -e '\''s/^: \(.*\) .*$/  {"\1", (void *) 0},/p'\'' -e '\''s/^[ABCDGIRSTW][ABCDGIRSTW]* .* \(lib.*\)$/  {"\1", (void *) \&\1},/p'\'' -e '\''s/^[ABCDGIRSTW][ABCDGIRSTW]* .* \(.*\)$/  {"lib\1", (void *) \&\1},/p'\'''
lt_cv_sys_global_symbol_to_cdecl='sed -n -e '\''s/^T .* \(.*\)$/extern int \1();/p'\'' -e '\''s/^[ABCDGIRSTW][ABCDGIRSTW]* .* \(.*\)$/extern char \1;/p'\'''
lt_cv_sys_global_symbol_to_import=
lt_cv_sys_max_cmd_len=1572864
lt_cv_to_host_file_cmd=func_convert_file_noop
lt_cv_to_tool_file_cmd=func_convert_file_noop
lt_cv_truncate_bin='/usr/bin/dd bs=4096 count=1'

## ----------------- ##
## Output variables. ##
## ----------------- ##

ACLOCAL='${SHELL} /home/tongyan/Linux_learn/c/copy_string_malloc/missing aclocal-1.16'
ALL_LINGUAS=''
AMDEPBACKSLASH='\'
AMDEP_FALSE='#'
AMDEP_TRUE=''
AMTAR='$${TAR-tar}'
AM_BACKSLASH='\'
AM_DEFAULT_V='$(AM_DEFAULT_VERBOSITY)'
AM_DEFAULT_VERBOSITY='0'
AM_V='$(V)'
AR='ar'
AUTOCONF='${SHELL} /home/tongyan/Linux_learn/c/copy_string_malloc/missing autoconf'
AUTOHEADER='${SHELL} /home/tongyan/Linux_learn/c/copy_string_malloc/missing autoheader'
AUTOMAKE='${SHELL} /home/tongyan/Linux_learn/c/copy_string_malloc/missing automake-1.16'
AWK='mawk'
CATALOGS=''
CATOBJEXT='.gmo'
CC='gcc'
CCDEPMODE='depmode=gcc3'
CFLAGS='-g -O0'
CPP='gcc -E'
CPPFLAGS=''
CYGPATH_W='echo'
DATADIRNAME='share'
DEFS='-DHAVE_CONFIG_H'
DEPDIR='.deps'
DLLTOOL='false'
DSYMUTIL=''
DUMPBIN=''
ECHO_C=''
ECHO_N='-n'
ECHO_T=''
EGREP='/usr/bin/grep -E'
EXEEXT=''
FGREP='/usr/bin/grep -F'
GETTEXT_PACKAGE='copy_string_malloc'
GMOFILES=''
GMSGFMT='/usr/bin/msgfmt'
GREP='/usr/bin/grep'
INSTALL_DATA='${INSTALL} -m 644'
INSTALL_PROGRAM='${INSTALL}'
INSTALL_SCRIPT='${INSTALL}'
INSTALL_STRIP_PROGRAM='$(install_sh) -c -s'
INSTOBJEXT='.mo'
INTLLIBS=''
INTLTOOL_CAVES_RULE='%.caves:     %.caves.in     $(INTLTOOL_MERGE) $(wildcard $(top_srcdir)/po/*.po) ; $(INTLTOOL_V_MERGE)LC_ALL=C $(INTLTOOL_MERGE) $(INTLTOOL_V_MERGE_OPTIONS) -d -u -c $(top_builddir)/po/.intltool-merge-cache $(top_srcdir)/po $< $@'
INTLTOOL_DESKTOP_RULE='%.desktop:   %.desktop.in   $(INTLTOOL_MERGE) $(wildcard $(top_srcdir)/po/*.po) ; $(INTLTOOL_V_MERGE)LC_ALL=C $(INTLTOOL_MERGE) $(INTLTOOL_V_MERGE_OPTIONS) -d -u -c $(top_builddir)/po/.intltool-merge-cache $(top_srcdir)/po $< $@'
INTLTOOL_DIRECTORY_RULE='%.directory: %.directory.in $(INTLTOOL_MERGE) $(wildcard $(top_srcdir)/po/*.po) ; $(INTLTOOL_V_MERGE)LC_ALL=C $(INTLTOOL_MERGE) $(INTLTOOL_V_MERGE_OPTIONS) -d -u -c $(top_builddir)/po/.intltool-merge-cache $(top_srcdir)/po $< $@'
INTLTOOL_EXTRACT='/usr/bin/intltool-extract'
INTLTOOL_KBD_RULE='%.kbd:       %.kbd.in       $(INTLTOOL_MERGE) $(wildcard $(top_srcdir)/po/*.po) ; $(INTLTOOL_V_MERGE)LC_ALL=C $(INTLTOOL_MERGE) $(INTLTOOL_V_MERGE_OPTIONS) -x -u -m -c $(top_builddir)/po/.intltool-merge-cache $(top_srcdir)/po $< $@'
INTLTOOL_KEYS_RULE='%.keys:      %.keys.in      $(INTLTOOL_MERGE) $(wildcard $(top_srcdir)/po/*.po) ; $(INTLTOOL_V_MERGE)LC_ALL=C $(INTLTOOL_MERGE) $(INTLTOOL_V_MERGE_OPTIONS) -k -u -c $(top_builddir)/po/.intltool-merge-cache $(top_srcdir)/po $< $@'
INTLTOOL_MERGE='/usr/bin/intltool-merge'
INTLTOOL_OAF_RULE='%.oaf:       %.oaf.in       $(INTLTOOL_MERGE) $(wildcard $(top_srcdir)/po/*.po) ; $(INTLTOOL_V_MERGE)LC_ALL=C $(INTLTOOL_MERGE) $(INTLTOOL_V_MERGE_OPTIONS) -o -p $(top_srcdir)/po $< $@'
INTLTOOL_PERL='/usr/bin/perl'
INTLTOOL_POLICY_RULE='%.policy:    %.policy.in    $(INTLTOOL_MERGE) $(wildcard $(top_srcdir)/po/*.po) ; $(INTLTOOL_V_MERGE)LC_ALL=C $(INTLTOOL_MERGE) $(INTLTOOL_V_MERGE_OPTIONS) -x -u -c $(top_builddir)/po/.intltool-merge-cache $(top_srcdir)/po $< $@'
INTLTOOL_PONG_RULE='%.pong:      %.pong.in      $(INTLTOOL_MERGE) $(wildcard $(top_srcdir)/po/*.po) ; $(INTLTOOL_V_MERGE)LC_ALL=C $(INTLTOOL_MERGE) $(INTLTOOL_V_MERGE_OPTIONS) -x -u -c $(top_builddir)/po/.intltool-merge-cache $(top_srcdir)/po $< $@'
INTLTOOL_PROP_RULE='%.prop:      %.prop.in      $(INTLTOOL_MERGE) $(wildcard $(top_srcdir)/po/*.po) ; $(INTLTOOL_V_MERGE)LC_ALL=C $(INTLTOOL_MERGE) $(INTLTOOL_V_MERGE_OPTIONS) -d -u -c $(top_builddir)/po/.intltool-merge-cache $(top_srcdir)/po $< $@'
INTLTOOL_SCHEMAS_RULE='%.schemas:   %.schemas.in   $(INTLTOOL_MERGE) $(wildcard $(top_srcdir)/po/*.po) ; $(INTLTOOL_V_MERGE)LC_ALL=C $(INTLTOOL_MERGE) $(INTLTOOL_V_MERGE_OPTIONS) -s -u -c $(top_builddir)/po/.intltool-merge-cache $(top_srcdir)/po $< $@'
INTLTOOL_SERVER_RULE='%.server:    %.server.in    $(INTLTOOL_MERGE) $(wildcard $(top_srcdir)/po/*.po) ; $(INTLTOOL_V_MERGE)LC_ALL=C $(INTLTOOL_MERGE) $(INTLTOOL_V_MERGE_OPTIONS) -o -u -c $(top_builddir)/po/.intltool-merge-cache $(top_srcdir)/po $< $@'
INTLTOOL_SERVICE_RULE='%.service: %.service.in   $(INTLTOOL_MERGE) $(wildcard $(top_srcdir)/po/*.po) ; $(INTLTOOL_V_MERGE)LC_ALL=C $(INTLTOOL_MERGE) $(INTLTOOL_V_MERGE_OPTIONS) -d -u -c $(top_builddir)/po/.intltool-merge-cache $(top_srcdir)/po $< $@'
INTLTOOL_SHEET_RULE='%.sheet:     %.sheet.in     $(INTLTOOL_MERGE) $(wildcard $(top_srcdir)/po/*.po) ; $(INTLTOOL_V_MERGE)LC_ALL=C $(INTLTOOL_MERGE) $(INTLTOOL_V_MERGE_OPTIONS) -x -u -c $(top_builddir)/po/.intltool-merge-cache $(top_srcdir)/po $< $@'
INTLTOOL_SOUNDLIST_RULE='%.soundlist: %.soundlist.in $(INTLTOOL_MERGE) $(wildcard $(top_srcdir)/po/*.po) ; $(INTLTOOL_V_MERGE)LC_ALL=C $(INTLTOOL_MERGE) $(INTLTOOL_V_MERGE_OPTIONS) -d -u -c $(top_builddir)/po/.intltool-merge-cache $(top_srcdir)/po $< $@'
INTLTOOL_THEME_RULE='%.theme:     %.theme.in     $(INTLTOOL_MERGE) $(wildcard $(top_srcdir)/po/*.po) ; $(INTLTOOL_V_MERGE)LC_ALL=C $(INTLTOOL_MERGE) $(INTLTOOL_V_MERGE_OPTIONS) -d -u -c $(top_builddir)/po/.intltool-merge-cache $(top_srcdir)/po $< $@'
INTLTOOL_UI_RULE='%.ui:        %.ui.in        $(INTLTOOL_MERGE) $(wildcard $(top_srcdir)/po/*.po) ; $(INTLTOOL_V_MERGE)LC_ALL=C $(INTLTOOL_MERGE) $(INTLTOOL_V_MERGE_OPTIONS) -x -u -c $(top_builddir)/po/.intltool-merge-cache $(top_srcdir)/po $< $@'
INTLTOOL_UPDATE='/usr/bin/intltool-update'
INTLTOOL_V_MERGE='$(INTLTOOL__v_MERGE_$(V))'
INTLTOOL_V_MERGE_OPTIONS='$(intltool__v_merge_options_$(V))'
INTLTOOL_XAM_RULE='%.xam:       %.xml.in       $(INTLTOOL_MERGE) $(wildcard $(top_srcdir)/po/*.po) ; $(INTLTOOL_V_MERGE)LC_ALL=C $(INTLTOOL_MERGE) $(INTLTOOL_V_MERGE_OPTIONS) -x -u -c $(top_builddir)/po/.intltool-merge-cache $(top_srcdir)/po $< $@'
INTLTOOL_XML_NOMERGE_RULE='%.xml:       %.xml.in       $(INTLTOOL_MERGE) ; $(INTLTOOL_V_MERGE)LC_ALL=C $(INTLTOOL_MERGE) $(INTLTOOL_V_MERGE_OPTIONS) -x -u --no-translations $< $@'
INTLTOOL_XML_RULE='%.xml:       %.xml.in       $(INTLTOOL_MERGE) $(wildcard $(top_srcdir)/po/*.po) ; $(INTLTOOL_V_MERGE)LC_ALL=C $(INTLTOOL_MERGE) $(INTLTOOL_V_MERGE_OPTIONS) -x -u -c $(top_builddir)/po/.intltool-merge-cache $(top_srcdir)/po $< $@'
INTLTOOL__v_MERGE_0='@echo "  ITMRG " $@;'
INTLTOOL__v_MERGE_='$(INTLTOOL__v_MERGE_$(AM_DEFAULT_VERBOSITY))'
INTL_MACOSX_LIBS=''
LD='/usr/bin/ld -m elf_x86_64'
LDFLAGS=''
LIBOBJS=''
LIBS=''
LIBTOOL='$(SHELL) $(top_builddir)/libtool'
LIPO=''
LN_S='ln -s'
LTLIBOBJS=''
LT_SYS_LIBRARY_PATH=''
MAKEINFO='${SHELL} /home/tongyan/Linux_learn/c/copy_string_malloc/missing makeinfo'
MANIFEST_TOOL=':'
MKDIR_P='/usr/bin/mkdir -p'
MKINSTALLDIRS='/home/tongyan/Linux_learn/c/copy_string_malloc/mkinstalldirs'
MSGFMT='/usr/bin/msgfmt'
MSGFMT_OPTS='-c'
MSGMERGE='/usr/bin/msgmerge'
NM='/usr/bin/nm -B'
NMEDIT=''
OBJDUMP='objdump'
OBJEXT='o'
OTOOL64=''
OTOOL=''
PACKAGE='copy_string_malloc'
PACKAGE_BUGREPORT=''
PACKAGE_NAME='copy_string_malloc'
PACKAGE_STRING='copy_string_malloc 0.1'
PACKAGE_TARNAME='copy_string_malloc'
PACKAGE_URL=''
PACKAGE_VERSION='0.1'
PATH_SEPARATOR=':'
POFILES=''
POSUB='po'
PO_IN_DATADIR_FALSE=''
PO_IN_DATADIR_TRUE=''
RANLIB='ranlib'
SED='/usr/bin/sed'
SET_MAKE=''
SHELL='/bin/bash'
STRIP='strip'
USE_NLS='yes'
VERSION='0.1'
XGETTEXT='/usr/bin/xgettext'
ac_ct_AR='ar'
ac_ct_CC='gcc'
ac_ct_DUMPBIN=''
am__EXEEXT_FALSE=''
am__EXEEXT_TRUE='#'
am__fastdepCC_FALSE='#'
am__fastdepCC_TRUE=''
am__include='include'
am__isrc=' -I$(srcdir)'
am__leading_dot='.'
am__nodep='_no'
am__quote=''
am__tar='$${TAR-tar} chof - "$$tardir"'
am__untar='$${TAR-tar} xf -'
bindir='${exec_prefix}/bin'
build='x86_64-pc-linux-gnu'
build_alias=''
build_cpu='x86_64'
build_os='linux-gnu'
build_vendor='pc'
datadir='${datarootdir}'
datarootdir='${prefix}/share'
docdir='${datarootdir}/doc/${PACKAGE_TARNAME}'
dvidir='${docdir}'
exec_prefix='${prefix}'
host='x86_64-pc-linux-gnu'
host_alias=''
host_cpu='x86_64'
host_os='linux-gnu'
host_vendor='pc'
htmldir='${docdir}'
includedir='${prefix}/include'
infodir='${datarootdir}/info'
install_sh='${SHELL} /home/tongyan/Linux_learn/c/copy_string_malloc/install-sh'
intltool__v_merge_options_0='-q'
intltool__v_merge_options_='$(intltool__v_merge_options_$(AM_DEFAULT_VERBOSITY))'
libdir='${exec_prefix}/lib'
libexecdir='${exec_prefix}/libexec'
localedir='${datarootdir}/locale'
localstatedir='${prefix}/var'
mandir='${datarootdir}/man'
mkdir_p='$(MKDIR_P)'
oldincludedir='/usr/include'
pdfdir='${docdir}'
prefix='/usr/local'
program_transform_name='s,x,x,'
psdir='${docdir}'
runstatedir='${localstatedir}/run'
sbindir='${exec_prefix}/sbin'
sharedstatedir='${prefix}/com'
sysconfdir='${prefix}/etc'
target_alias=''

## ----------- ##
## confdefs.h. ##
## ----------- ##

/* confdefs.h */
#define PACKAGE_NAME "copy_string_malloc"
#define PACKAGE_TARNAME "copy_string_malloc"
#define PACKAGE_VERSION "0.1"
#define PACKAGE_STRING "copy_string_malloc 0.1"
#define PACKAGE_BUGREPORT ""
#define PACKAGE_URL ""
#define PACKAGE "copy_string_malloc"
#define VERSION "0.1"
#define GETTEXT_PACKAGE "copy_string_malloc"
#define STDC_HEADERS 1
#define HAVE_SYS_TYPES_H 1
#define HAVE_SYS_STAT_H 1
#define HAVE_STDLIB_H 1
#define HAVE_STRING_H 1
#define HAVE_MEMORY_H 1
#define HAVE_STRINGS_H 1
#define HAVE_INTTYPES_H 1
#define HAVE_STDINT_H 1
#define HAVE_UNISTD_H 1
#define HAVE_LOCALE_H 1
#define HAVE_LC_MESSAGES 1
#define HAVE_BIND_TEXTDOMAIN_CODESET 1
#define HAVE_GETTEXT 1
#define HAVE_DCGETTEXT 1
#define ENABLE_NLS 1
#define HAVE_DLFCN_H 1
#define LT_OBJDIR ".libs/"

configure: exit 0
